Build started 21 Sep, 2013 17:01:39.
     1>Project "D:\Dropbox\ComputerScience\CS5237\P2\lab 4.vcxproj" on node 2 (build target(s)).
     1>InitializeBuildStatus:
         Creating "Debug\Phase II.unsuccessfulbuild" because "AlwaysCreate" was specified.
       ClCompile:
         C:\Program Files (x86)\Microsoft Visual Studio 10.0\VC\bin\CL.exe /c /ZI /nologo /W3 /WX- /Od /Oy- /D _MBCS /Gm /EHsc /RTC1 /MDd /GS /fp:precise /Zc:wchar_t /Zc:forScope /Fo"Debug\\" /Fd"Debug\vc100.pdb" /Gd /TP /analyze- /errorReport:prompt main.cpp
         main.cpp
       Link:
         C:\Program Files (x86)\Microsoft Visual Studio 10.0\VC\bin\link.exe /ERRORREPORT:PROMPT /OUT:"D:\Dropbox\ComputerScience\CS5237\P2\Debug\Phase II.exe" /NOLOGO kernel32.lib user32.lib gdi32.lib winspool.lib comdlg32.lib advapi32.lib shell32.lib ole32.lib oleaut32.lib uuid.lib odbc32.lib odbccp32.lib /MANIFEST /ManifestFile:"Debug\Phase II.exe.intermediate.manifest" /MANIFESTUAC:"level='asInvoker' uiAccess='false'" /DEBUG /PDB:"D:\Dropbox\ComputerScience\CS5237\P2\Debug\Phase II.pdb" /TLBID:1 /DYNAMICBASE /NXCOMPAT /IMPLIB:"D:\Dropbox\ComputerScience\CS5237\P2\Debug\Phase II.lib" /MACHINE:X86 Debug\main.obj
         D:\Dropbox\ComputerScience\CS5237\P2\basics\Debug\basics.lib
         D:\Dropbox\ComputerScience\CS5237\P2\Debug\basicsP2.lib
         lab 4.vcxproj -> D:\Dropbox\ComputerScience\CS5237\P2\Debug\Phase II.exe
       Manifest:
         C:\Program Files (x86)\Microsoft SDKs\Windows\v7.0A\bin\mt.exe /nologo /verbose /outputresource:"D:\Dropbox\ComputerScience\CS5237\P2\Debug\Phase II.exe;#1" /manifest "Debug\Phase II.exe.intermediate.manifest"
       FinalizeBuildStatus:
         Deleting file "Debug\Phase II.unsuccessfulbuild".
         Touching "Debug\Phase II.lastbuildstate".
     1>Done Building Project "D:\Dropbox\ComputerScience\CS5237\P2\lab 4.vcxproj" (build target(s)).

Build succeeded.

Time Elapsed 00:00:05.27
